[debug] [2024-06-30T17:35:29.831Z] ----------------------------------------------------------------------
[debug] [2024-06-30T17:35:29.835Z] Command:       C:\Users\Samir\DOWNLO~1\Programs\firebase-tools-instant-win.exe C:\Users\Samir\.cache\firebase\tools\lib\node_modules\firebase-tools\lib\bin\firebase init hosting
[debug] [2024-06-30T17:35:29.836Z] CLI Version:   12.6.2
[debug] [2024-06-30T17:35:29.836Z] Platform:      win32
[debug] [2024-06-30T17:35:29.836Z] Node Version:  v16.16.0
[debug] [2024-06-30T17:35:29.838Z] Time:          Sun Jun 30 2024 19:35:29 GMT+0200 (Eastern European Standard Time)
[debug] [2024-06-30T17:35:29.839Z] ----------------------------------------------------------------------
[debug] 
[debug] [2024-06-30T17:35:29.853Z] > command requires scopes: ["email","openid","https://www.googleapis.com/auth/cloudplatformprojects.readonly","https://www.googleapis.com/auth/firebase","https://www.googleapis.com/auth/cloud-platform"]
[debug] [2024-06-30T17:35:29.854Z] > authorizing via signed-in user (samir97samir97samir97@gmail.com)
[info] 
     ######## #### ########  ######## ########     ###     ######  ########
     ##        ##  ##     ## ##       ##     ##  ##   ##  ##       ##
     ######    ##  ########  ######   ########  #########  ######  ######
     ##        ##  ##    ##  ##       ##     ## ##     ##       ## ##
     ##       #### ##     ## ######## ########  ##     ##  ######  ########

You're about to initialize a Firebase project in this directory:

  C:\Users\Samir\Desktop\111111\faceAuth

[info] 
=== Project Setup
[info] 
[info] First, let's associate this project directory with a Firebase project.
[info] You can create multiple project aliases by running firebase use --add, 
[info] but for now we'll just set up a default project.
[info] 
[debug] [2024-06-30T17:35:51.719Z] >>> [apiv2][query] GET https://firebase.googleapis.com/v1beta1/projects pageSize=100
[debug] [2024-06-30T17:35:52.656Z] <<< [apiv2][status] GET https://firebase.googleapis.com/v1beta1/projects 200
[debug] [2024-06-30T17:35:52.657Z] <<< [apiv2][body] GET https://firebase.googleapis.com/v1beta1/projects [omitted]
[info] i  Using project faceauth-99bd6 (faceAuth) 
[info] 
=== Hosting Setup
[info] 
[info] Your public directory is the folder (relative to your project directory) that
[info] will contain Hosting assets to be uploaded with firebase deploy. If you
[info] have a build process for your assets, use your build's output directory.
[info] 
[debug] [2024-06-30T17:36:28.063Z] >>> [apiv2][query] GET https://www.gstatic.com/firebasejs/releases.json [none]
[debug] [2024-06-30T17:36:28.472Z] <<< [apiv2][status] GET https://www.gstatic.com/firebasejs/releases.json 200
[debug] [2024-06-30T17:36:28.473Z] <<< [apiv2][body] GET https://www.gstatic.com/firebasejs/releases.json {"current":{"version":"10.12.2","browserURL":"https://www.gstatic.com/firebasejs/10.12.2/firebase.js","packageURL":"https://www.gstatic.com/firebasejs/10.12.2/firebase.tgz"},"live":{"version":"10.12","browserURL":"https://www.gstatic.com/firebasejs/live/10.12/firebase.js","packageURL":"https://www.gstatic.com/firebasejs/live/10.12/firebase.tgz"},"components":{"analytics":"https://www.gstatic.com/firebasejs/10.12.2/firebase-analytics.js","app":"https://www.gstatic.com/firebasejs/10.12.2/firebase-app.js","app-check":"https://www.gstatic.com/firebasejs/10.12.2/firebase-app-check.js","auth":"https://www.gstatic.com/firebasejs/10.12.2/firebase-auth.js","auth/cordova":"https://www.gstatic.com/firebasejs/10.12.2/firebase-auth/cordova.js","auth/web-extension":"https://www.gstatic.com/firebasejs/10.12.2/firebase-auth/web-extension.js","functions":"https://www.gstatic.com/firebasejs/10.12.2/firebase-functions.js","firestore":"https://www.gstatic.com/firebasejs/10.12.2/firebase-firestore.js","firestore/lite":"https://www.gstatic.com/firebasejs/10.12.2/firebase-firestore/lite.js","installations":"https://www.gstatic.com/firebasejs/10.12.2/firebase-installations.js","storage":"https://www.gstatic.com/firebasejs/10.12.2/firebase-storage.js","performance":"https://www.gstatic.com/firebasejs/10.12.2/firebase-performance.js","remote-config":"https://www.gstatic.com/firebasejs/10.12.2/firebase-remote-config.js","messaging":"https://www.gstatic.com/firebasejs/10.12.2/firebase-messaging.js","messaging/sw":"https://www.gstatic.com/firebasejs/10.12.2/firebase-messaging/sw.js","database":"https://www.gstatic.com/firebasejs/10.12.2/firebase-database.js","vertexai-preview":"https://www.gstatic.com/firebasejs/10.12.2/firebase-vertexai-preview.js","firestore.memory":"https://www.gstatic.com/firebasejs/10.12.2/firebase-firestore.memory.js"}}
[info] +  Wrote public/index.html 
[info] 
[info] i  Didn't detect a .git folder. Assuming C:\Users\Samir\Desktop\111111\faceAuth is the project root. 
[info] i  Authorizing with GitHub to upload your service account to a GitHub repository's secrets store. 
[info] 
[info] Visit this URL on this device to log in:
[info] https://github.com/login/oauth/authorize?client_id=89cf50f02ac6aaed3484&state=804537738&redirect_uri=http%3A%2F%2Flocalhost%3A9005&scope=read%3Auser%20repo%20public_repo
[info] 
[info] Waiting for authentication...
